<?xml version="1.0" encoding="UTF-8"?>
<!-- Generated by org.testng.reporters.JUnitReportReporter -->
<testsuite skipped="0" hostname="DESKTOP-BC3TKDV" name="com.inetBanking.testcase.TC_LoginTest_001" tests="1" failures="0" timestamp="06 Jul 2021 11:20:44 GMT" time="13.111" errors="0">
  <testcase name="loginTest" time="13.111" classname="com.inetBanking.testcase.TC_LoginTest_001"/>
</testsuite> <!-- com.inetBanking.testcase.TC_LoginTest_001 -->
